<?xml version="1.0" encoding="UTF-8"?>
<!-- Generated by org.testng.reporters.JUnitReportReporter -->
<testsuite hostname="DESKTOP-JM87Q8H" failures="0" tests="3" name="TestNGPractice.DataProviderEx1" time="0.050" errors="0" timestamp="2024-10-15T08:04:39 IST" skipped="0">
  <testcase classname="TestNGPractice.DataProviderEx1" name="bookTickets" time="0.005"/>
  <testcase classname="TestNGPractice.DataProviderEx1" name="bookTickets" time="0.025"/>
  <testcase classname="TestNGPractice.DataProviderEx1" name="bookTickets" time="0.020"/>
</testsuite> <!-- TestNGPractice.DataProviderEx1 -->
