<?xml version="1.0" encoding="UTF-8"?>
<!-- Generated by org.testng.reporters.JUnitReportReporter -->
<testsuite hostname="DESKTOP-JM87Q8H" failures="0" tests="1" name="TestNGPractice.sampletest" time="0.074" errors="0" timestamp="2024-10-15T07:32:08 IST" skipped="0">
  <testcase classname="TestNGPractice.sampletest" name="createContact" time="0.074"/>
</testsuite> <!-- TestNGPractice.sampletest -->
